2019-04-01 00:53:31.840  INFO 15288 --- [main] l.l.bluefatty.BluefattyApplication       : Starting BluefattyApplication on DESKTOP-FGTLSFF with PID 15288 (started by Asus in E:\ssmprojects\BlueFatty项目\bluefatty)
2019-04-01 00:53:31.849  INFO 15288 --- [main] l.l.bluefatty.BluefattyApplication       : No active profile set, falling back to default profiles: default
2019-04-01 00:53:32.714  INFO 15288 --- [main] .s.d.r.c.RepositoryConfigurationDelegate : Multiple Spring Data modules found, entering strict repository configuration mode!
2019-04-01 00:53:32.715  INFO 15288 --- [main] .s.d.r.c.RepositoryConfigurationDelegate : Bootstrapping Spring Data repositories in DEFAULT mode.
2019-04-01 00:53:32.733  INFO 15288 --- [main] .s.d.r.c.RepositoryConfigurationDelegate : Finished Spring Data repository scanning in 12ms. Found 0 repository interfaces.
2019-04-01 00:53:32.759  INFO 15288 --- [main] .s.d.r.c.RepositoryConfigurationDelegate : Multiple Spring Data modules found, entering strict repository configuration mode!
2019-04-01 00:53:32.761  INFO 15288 --- [main] .s.d.r.c.RepositoryConfigurationDelegate : Bootstrapping Spring Data repositories in DEFAULT mode.
2019-04-01 00:53:32.778  INFO 15288 --- [main] .s.d.r.c.RepositoryConfigurationDelegate : Finished Spring Data repository scanning in 6ms. Found 0 repository interfaces.
2019-04-01 00:53:33.079  INFO 15288 --- [main] trationDelegate$BeanPostProcessorChecker : Bean 'org.springframework.transaction.annotation.ProxyTransactionManagementConfiguration' of type [org.springframework.transaction.annotation.ProxyTransactionManagementConfiguration$$EnhancerBySpringCGLIB$$3c6448a] is not eligible for getting processed by all BeanPostProcessors (for example: not eligible for auto-proxying)
2019-04-01 00:53:33.407  INFO 15288 --- [main] o.s.b.w.embedded.tomcat.TomcatWebServer  : Tomcat initialized with port(s): 8088 (http)
2019-04-01 00:53:33.436  INFO 15288 --- [main] o.apache.catalina.core.StandardService   : Starting service [Tomcat]
2019-04-01 00:53:33.436  INFO 15288 --- [main] org.apache.catalina.core.StandardEngine  : Starting Servlet engine: [Apache Tomcat/9.0.16]
2019-04-01 00:53:33.443  INFO 15288 --- [main] o.a.catalina.core.AprLifecycleListener   : An older version [1.2.18] of the APR based Apache Tomcat Native library is installed, while Tomcat recommends a minimum version of [1.2.21]
2019-04-01 00:53:33.444  INFO 15288 --- [main] o.a.catalina.core.AprLifecycleListener   : Loaded APR based Apache Tomcat Native library [1.2.18] using APR version [1.6.5].
2019-04-01 00:53:33.444  INFO 15288 --- [main] o.a.catalina.core.AprLifecycleListener   : APR capabilities: IPv6 [true], sendfile [true], accept filters [false], random [true].
2019-04-01 00:53:33.444  INFO 15288 --- [main] o.a.catalina.core.AprLifecycleListener   : APR/OpenSSL configuration: useAprConnector [false], useOpenSSL [true]
2019-04-01 00:53:33.448  INFO 15288 --- [main] o.a.catalina.core.AprLifecycleListener   : OpenSSL successfully initialized [OpenSSL 1.1.1  11 Sep 2018]
2019-04-01 00:53:33.568  INFO 15288 --- [main] o.a.c.c.C.[.[localhost].[/bluefatty]     : Initializing Spring embedded WebApplicationContext
2019-04-01 00:53:33.568  INFO 15288 --- [main] o.s.web.context.ContextLoader            : Root WebApplicationContext: initialization completed in 1636 ms
2019-04-01 00:53:33.710  INFO 15288 --- [main] com.zaxxer.hikari.HikariDataSource       : HikariPool-1 - Starting...
2019-04-01 00:53:33.898  INFO 15288 --- [main] com.zaxxer.hikari.HikariDataSource       : HikariPool-1 - Start completed.
2019-04-01 00:53:33.946  INFO 15288 --- [main] o.hibernate.jpa.internal.util.LogHelper  : HHH000204: Processing PersistenceUnitInfo [
	name: default
	...]
2019-04-01 00:53:34.002  INFO 15288 --- [main] org.hibernate.Version                    : HHH000412: Hibernate Core {5.3.7.Final}
2019-04-01 00:53:34.004  INFO 15288 --- [main] org.hibernate.cfg.Environment            : HHH000206: hibernate.properties not found
2019-04-01 00:53:34.127  INFO 15288 --- [main] o.hibernate.annotations.common.Version   : HCANN000001: Hibernate Commons Annotations {5.0.4.Final}
2019-04-01 00:53:34.291  INFO 15288 --- [main] org.hibernate.dialect.Dialect            : HHH000400: Using dialect: org.hibernate.dialect.MySQL5Dialect
2019-04-01 00:53:34.454  INFO 15288 --- [main] j.LocalContainerEntityManagerFactoryBean : Initialized JPA EntityManagerFactory for persistence unit 'default'
2019-04-01 00:53:34.980  INFO 15288 --- [main] o.s.s.concurrent.ThreadPoolTaskExecutor  : Initializing ExecutorService 'applicationTaskExecutor'
2019-04-01 00:53:35.018  WARN 15288 --- [main] aWebConfiguration$JpaWebMvcConfiguration : spring.jpa.open-in-view is enabled by default. Therefore, database queries may be performed during view rendering. Explicitly configure spring.jpa.open-in-view to disable this warning
2019-04-01 00:53:35.487  INFO 15288 --- [main] o.s.b.w.embedded.tomcat.TomcatWebServer  : Tomcat started on port(s): 8088 (http) with context path '/bluefatty'
2019-04-01 00:53:35.490  INFO 15288 --- [main] l.l.bluefatty.BluefattyApplication       : Started BluefattyApplication in 4.139 seconds (JVM running for 5.626)
2019-04-01 00:58:08.651  INFO 15288 --- [http-nio-8088-exec-2] o.a.c.c.C.[.[localhost].[/bluefatty]     : Initializing Spring DispatcherServlet 'dispatcherServlet'
2019-04-01 00:58:08.651  INFO 15288 --- [http-nio-8088-exec-2] o.s.web.servlet.DispatcherServlet        : Initializing Servlet 'dispatcherServlet'
2019-04-01 00:58:08.660  INFO 15288 --- [http-nio-8088-exec-2] o.s.web.servlet.DispatcherServlet        : Completed initialization in 9 ms
2019-04-01 00:58:08.803 DEBUG 15288 --- [http-nio-8088-exec-1] l.l.b.d.O.selectServiceByServiceId       : ==>  Preparing: select content from orders where order_id=? 
2019-04-01 00:58:08.834 DEBUG 15288 --- [http-nio-8088-exec-1] l.l.b.d.O.selectServiceByServiceId       : ==> Parameters: 1(Integer)
2019-04-01 00:58:08.946 DEBUG 15288 --- [http-nio-8088-exec-1] l.l.b.d.O.selectServiceByServiceId       : <==      Total: 0
2019-04-01 00:58:10.361 DEBUG 15288 --- [http-nio-8088-exec-2] l.l.bluefatty.dao.UserDao.countByOpenId  : ==>  Preparing: select count(*) from user where open_id=? 
2019-04-01 00:58:10.361 DEBUG 15288 --- [http-nio-8088-exec-2] l.l.bluefatty.dao.UserDao.countByOpenId  : ==> Parameters: oKYoZ48veN9YlYsQhuccNPG4E2nk(String)
2019-04-01 00:58:10.365 DEBUG 15288 --- [http-nio-8088-exec-2] l.l.bluefatty.dao.UserDao.countByOpenId  : <==      Total: 1
2019-04-01 00:58:10.366 DEBUG 15288 --- [http-nio-8088-exec-2] l.l.b.dao.UserDao.getUserIdByOpenId      : ==>  Preparing: select user_id from user where open_id=? 
2019-04-01 00:58:10.367 DEBUG 15288 --- [http-nio-8088-exec-2] l.l.b.dao.UserDao.getUserIdByOpenId      : ==> Parameters: oKYoZ48veN9YlYsQhuccNPG4E2nk(String)
2019-04-01 00:58:10.367 DEBUG 15288 --- [http-nio-8088-exec-2] l.l.b.dao.UserDao.getUserIdByOpenId      : <==      Total: 1
2019-04-01 00:58:10.369 DEBUG 15288 --- [http-nio-8088-exec-2] l.l.bluefatty.dao.UserDao.updateToken    : ==>  Preparing: update user set token=? where user_id=? 
2019-04-01 00:58:10.369 DEBUG 15288 --- [http-nio-8088-exec-2] l.l.bluefatty.dao.UserDao.updateToken    : ==> Parameters: IfcGoiLDn13sbsgSTYa1+g==(String), 1(Integer)
2019-04-01 00:58:10.392 DEBUG 15288 --- [http-nio-8088-exec-2] l.l.bluefatty.dao.UserDao.updateToken    : <==    Updates: 1
2019-04-01 00:58:10.392 DEBUG 15288 --- [http-nio-8088-exec-2] l.l.b.dao.UserDao.selectUserStatus       : ==>  Preparing: select status from user where user_id=? 
2019-04-01 00:58:10.393 DEBUG 15288 --- [http-nio-8088-exec-2] l.l.b.dao.UserDao.selectUserStatus       : ==> Parameters: 1(Integer)
2019-04-01 00:58:10.394 DEBUG 15288 --- [http-nio-8088-exec-2] l.l.b.dao.UserDao.selectUserStatus       : <==      Total: 1
2019-04-01 00:58:10.394 DEBUG 15288 --- [http-nio-8088-exec-2] l.l.b.dao.UserDao.selectUserInfo         : ==>  Preparing: select user_name as userName,user_img as userImg from user where user_id=? 
2019-04-01 00:58:10.394 DEBUG 15288 --- [http-nio-8088-exec-2] l.l.b.dao.UserDao.selectUserInfo         : ==> Parameters: 1(Integer)
2019-04-01 00:58:10.397 DEBUG 15288 --- [http-nio-8088-exec-2] l.l.b.dao.UserDao.selectUserInfo         : <==      Total: 1
2019-04-01 00:58:10.397 DEBUG 15288 --- [http-nio-8088-exec-2] l.l.b.dao.UserDao.selectUniversityId     : ==>  Preparing: select university_id from user where user_id=? 
2019-04-01 00:58:10.397 DEBUG 15288 --- [http-nio-8088-exec-2] l.l.b.dao.UserDao.selectUniversityId     : ==> Parameters: 1(Integer)
2019-04-01 00:58:10.398 DEBUG 15288 --- [http-nio-8088-exec-2] l.l.b.dao.UserDao.selectUniversityId     : <==      Total: 1
2019-04-01 00:58:10.398 DEBUG 15288 --- [http-nio-8088-exec-2] l.l.b.dao.PlaceDao.selectPlaceMap        : ==>  Preparing: select place_id,content from place where university_id=? 
2019-04-01 00:58:10.399 DEBUG 15288 --- [http-nio-8088-exec-2] l.l.b.dao.PlaceDao.selectPlaceMap        : ==> Parameters: 1(Integer)
2019-04-01 00:58:10.400 DEBUG 15288 --- [http-nio-8088-exec-2] l.l.b.dao.PlaceDao.selectPlaceMap        : <==      Total: 3
2019-04-01 00:58:10.400 DEBUG 15288 --- [http-nio-8088-exec-2] l.l.bluefatty.dao.TypeDao.selectTypeMap  : ==>  Preparing: select type_id,content from type 
2019-04-01 00:58:10.400 DEBUG 15288 --- [http-nio-8088-exec-2] l.l.bluefatty.dao.TypeDao.selectTypeMap  : ==> Parameters: 
2019-04-01 00:58:10.402 DEBUG 15288 --- [http-nio-8088-exec-2] l.l.bluefatty.dao.TypeDao.selectTypeMap  : <==      Total: 6
2019-04-01 00:58:10.402 DEBUG 15288 --- [http-nio-8088-exec-2] l.l.b.d.U.selectUniversityMap            : ==>  Preparing: select university_id,university_name from university 
2019-04-01 00:58:10.402 DEBUG 15288 --- [http-nio-8088-exec-2] l.l.b.d.U.selectUniversityMap            : ==> Parameters: 
2019-04-01 00:58:10.403 DEBUG 15288 --- [http-nio-8088-exec-2] l.l.b.d.U.selectUniversityMap            : <==      Total: 2
2019-04-01 00:58:17.450 DEBUG 15288 --- [http-nio-8088-exec-3] l.l.b.dao.OrderDao.selectDmdByPage       : ==>  Preparing: select a.order_id as dmdId,a.create_time as createTime,a.deadline as deadLine,a.place_id as placeId, a.type_id as typeId,a.title as title,a.price as price,a.dmder_id as dmderId,b.user_name as dmderName, b.credit as dmderStar,b.user_img as dmderImg from orders a left join user b on a.dmder_id=b.user_id where a.status=1 and a.university_id=? limit ?,10 
2019-04-01 00:58:17.450 DEBUG 15288 --- [http-nio-8088-exec-3] l.l.b.dao.OrderDao.selectDmdByPage       : ==> Parameters: 1(Integer), 0(Integer)
2019-04-01 00:58:17.454 DEBUG 15288 --- [http-nio-8088-exec-3] l.l.b.dao.OrderDao.selectDmdByPage       : <==      Total: 2
2019-04-01 00:58:26.997 DEBUG 15288 --- [http-nio-8088-exec-5] l.l.bluefatty.dao.UserDao.countByToken   : ==>  Preparing: select count(*) from user where token=? 
2019-04-01 00:58:26.998 DEBUG 15288 --- [http-nio-8088-exec-5] l.l.bluefatty.dao.UserDao.countByToken   : ==> Parameters: IfcGoiLDn13sbsgSTYa1+g==(String)
2019-04-01 00:58:27.000 DEBUG 15288 --- [http-nio-8088-exec-5] l.l.bluefatty.dao.UserDao.countByToken   : <==      Total: 1
2019-04-01 00:58:27.108 DEBUG 15288 --- [http-nio-8088-exec-5] l.l.bluefatty.dao.UserDao.countByToken   : ==>  Preparing: select count(*) from user where token=? 
2019-04-01 00:58:27.109 DEBUG 15288 --- [http-nio-8088-exec-5] l.l.bluefatty.dao.UserDao.countByToken   : ==> Parameters: IfcGoiLDn13sbsgSTYa1+g==(String)
2019-04-01 00:58:27.111 DEBUG 15288 --- [http-nio-8088-exec-5] l.l.bluefatty.dao.UserDao.countByToken   : <==      Total: 1
2019-04-01 00:59:26.156 DEBUG 15288 --- [http-nio-8088-exec-8] l.l.b.d.O.selectServiceByServiceId       : ==>  Preparing: select content from orders where order_id=? 
2019-04-01 00:59:26.157 DEBUG 15288 --- [http-nio-8088-exec-8] l.l.b.d.O.selectServiceByServiceId       : ==> Parameters: 1(Integer)
2019-04-01 00:59:26.158 DEBUG 15288 --- [http-nio-8088-exec-8] l.l.b.d.O.selectServiceByServiceId       : <==      Total: 0
2019-04-01 00:59:26.680 DEBUG 15288 --- [http-nio-8088-exec-7] l.l.bluefatty.dao.UserDao.countByOpenId  : ==>  Preparing: select count(*) from user where open_id=? 
2019-04-01 00:59:26.681 DEBUG 15288 --- [http-nio-8088-exec-7] l.l.bluefatty.dao.UserDao.countByOpenId  : ==> Parameters: oKYoZ48veN9YlYsQhuccNPG4E2nk(String)
2019-04-01 00:59:26.684 DEBUG 15288 --- [http-nio-8088-exec-7] l.l.bluefatty.dao.UserDao.countByOpenId  : <==      Total: 1
2019-04-01 00:59:26.685 DEBUG 15288 --- [http-nio-8088-exec-7] l.l.b.dao.UserDao.getUserIdByOpenId      : ==>  Preparing: select user_id from user where open_id=? 
2019-04-01 00:59:26.687 DEBUG 15288 --- [http-nio-8088-exec-7] l.l.b.dao.UserDao.getUserIdByOpenId      : ==> Parameters: oKYoZ48veN9YlYsQhuccNPG4E2nk(String)
2019-04-01 00:59:26.689 DEBUG 15288 --- [http-nio-8088-exec-7] l.l.b.dao.UserDao.getUserIdByOpenId      : <==      Total: 1
2019-04-01 00:59:26.692 DEBUG 15288 --- [http-nio-8088-exec-7] l.l.bluefatty.dao.UserDao.updateToken    : ==>  Preparing: update user set token=? where user_id=? 
2019-04-01 00:59:26.693 DEBUG 15288 --- [http-nio-8088-exec-7] l.l.bluefatty.dao.UserDao.updateToken    : ==> Parameters: IfcGoiLDn13sbsgSTYa1+g==(String), 1(Integer)
2019-04-01 00:59:26.712 DEBUG 15288 --- [http-nio-8088-exec-7] l.l.bluefatty.dao.UserDao.updateToken    : <==    Updates: 1
2019-04-01 00:59:26.713 DEBUG 15288 --- [http-nio-8088-exec-7] l.l.b.dao.UserDao.selectUserStatus       : ==>  Preparing: select status from user where user_id=? 
2019-04-01 00:59:26.714 DEBUG 15288 --- [http-nio-8088-exec-7] l.l.b.dao.UserDao.selectUserStatus       : ==> Parameters: 1(Integer)
2019-04-01 00:59:26.747 DEBUG 15288 --- [http-nio-8088-exec-7] l.l.b.dao.UserDao.selectUserStatus       : <==      Total: 1
2019-04-01 00:59:26.749 DEBUG 15288 --- [http-nio-8088-exec-7] l.l.b.dao.UserDao.selectUserInfo         : ==>  Preparing: select user_name as userName,user_img as userImg from user where user_id=? 
2019-04-01 00:59:26.750 DEBUG 15288 --- [http-nio-8088-exec-7] l.l.b.dao.UserDao.selectUserInfo         : ==> Parameters: 1(Integer)
2019-04-01 00:59:26.752 DEBUG 15288 --- [http-nio-8088-exec-7] l.l.b.dao.UserDao.selectUserInfo         : <==      Total: 1
2019-04-01 00:59:26.753 DEBUG 15288 --- [http-nio-8088-exec-7] l.l.b.dao.UserDao.selectUniversityId     : ==>  Preparing: select university_id from user where user_id=? 
2019-04-01 00:59:26.754 DEBUG 15288 --- [http-nio-8088-exec-7] l.l.b.dao.UserDao.selectUniversityId     : ==> Parameters: 1(Integer)
2019-04-01 00:59:26.756 DEBUG 15288 --- [http-nio-8088-exec-7] l.l.b.dao.UserDao.selectUniversityId     : <==      Total: 1
2019-04-01 00:59:26.757 DEBUG 15288 --- [http-nio-8088-exec-7] l.l.b.dao.PlaceDao.selectPlaceMap        : ==>  Preparing: select place_id,content from place where university_id=? 
2019-04-01 00:59:26.757 DEBUG 15288 --- [http-nio-8088-exec-7] l.l.b.dao.PlaceDao.selectPlaceMap        : ==> Parameters: 1(Integer)
2019-04-01 00:59:26.759 DEBUG 15288 --- [http-nio-8088-exec-7] l.l.b.dao.PlaceDao.selectPlaceMap        : <==      Total: 3
2019-04-01 00:59:26.761 DEBUG 15288 --- [http-nio-8088-exec-7] l.l.bluefatty.dao.TypeDao.selectTypeMap  : ==>  Preparing: select type_id,content from type 
2019-04-01 00:59:26.761 DEBUG 15288 --- [http-nio-8088-exec-7] l.l.bluefatty.dao.TypeDao.selectTypeMap  : ==> Parameters: 
2019-04-01 00:59:26.765 DEBUG 15288 --- [http-nio-8088-exec-7] l.l.bluefatty.dao.TypeDao.selectTypeMap  : <==      Total: 6
2019-04-01 00:59:26.766 DEBUG 15288 --- [http-nio-8088-exec-7] l.l.b.d.U.selectUniversityMap            : ==>  Preparing: select university_id,university_name from university 
2019-04-01 00:59:26.767 DEBUG 15288 --- [http-nio-8088-exec-7] l.l.b.d.U.selectUniversityMap            : ==> Parameters: 
2019-04-01 00:59:26.770 DEBUG 15288 --- [http-nio-8088-exec-7] l.l.b.d.U.selectUniversityMap            : <==      Total: 2
2019-04-01 01:00:53.471 DEBUG 15288 --- [http-nio-8088-exec-1] l.l.b.dao.OrderDao.selectDmdByPage       : ==>  Preparing: select a.order_id as dmdId,a.create_time as createTime,a.deadline as deadLine,a.place_id as placeId, a.type_id as typeId,a.title as title,a.price as price,a.dmder_id as dmderId,b.user_name as dmderName, b.credit as dmderStar,b.user_img as dmderImg from orders a left join user b on a.dmder_id=b.user_id where a.status=1 and a.university_id=? limit ?,10 
2019-04-01 01:00:53.472 DEBUG 15288 --- [http-nio-8088-exec-1] l.l.b.dao.OrderDao.selectDmdByPage       : ==> Parameters: 1(Integer), 0(Integer)
2019-04-01 01:00:53.476 DEBUG 15288 --- [http-nio-8088-exec-1] l.l.b.dao.OrderDao.selectDmdByPage       : <==      Total: 2
2019-04-01 01:00:56.066 DEBUG 15288 --- [http-nio-8088-exec-2] l.l.bluefatty.dao.UserDao.countByToken   : ==>  Preparing: select count(*) from user where token=? 
2019-04-01 01:00:56.066 DEBUG 15288 --- [http-nio-8088-exec-2] l.l.bluefatty.dao.UserDao.countByToken   : ==> Parameters: IfcGoiLDn13sbsgSTYa1+g==(String)
2019-04-01 01:00:56.067 DEBUG 15288 --- [http-nio-8088-exec-2] l.l.bluefatty.dao.UserDao.countByToken   : <==      Total: 1
2019-04-01 01:00:56.070 DEBUG 15288 --- [http-nio-8088-exec-2] l.l.b.dao.UserDao.selectUserIdByToken    : ==>  Preparing: select user_id from user where token=? 
2019-04-01 01:00:56.070 DEBUG 15288 --- [http-nio-8088-exec-2] l.l.b.dao.UserDao.selectUserIdByToken    : ==> Parameters: IfcGoiLDn13sbsgSTYa1+g==(String)
2019-04-01 01:00:56.071 DEBUG 15288 --- [http-nio-8088-exec-2] l.l.b.dao.UserDao.selectUserIdByToken    : <==      Total: 1
2019-04-01 01:00:56.072 DEBUG 15288 --- [http-nio-8088-exec-2] l.l.b.d.O.selectRecordServiceOrder       : ==>  Preparing: select a.order_id as orderId,a.deadline as deadline,a.place_id as placeId, a.type_id as typeId,a.status as status,a.title as title,a.price as price,a.user_id as posterId,b.user_name as posterName, b.credit as posterStar,b.user_img as posterImg from orders a left join user b on a.user_id=b.user_id left join records c on a.order_id=c.order_id where c.recorder_id=? and c.status=0 
2019-04-01 01:00:56.073 DEBUG 15288 --- [http-nio-8088-exec-2] l.l.b.d.O.selectRecordServiceOrder       : ==> Parameters: 1(Integer)
2019-04-01 01:00:56.144 DEBUG 15288 --- [http-nio-8088-exec-2] l.l.b.d.O.selectRecordServiceOrder       : <==      Total: 0
2019-04-01 01:00:56.144 DEBUG 15288 --- [http-nio-8088-exec-2] l.l.b.d.O.selectServiceOrderByServiceId  : ==>  Preparing: select a.order_id as orderId,a.deadline as deadline,a.place_id as placeId, a.type_id as typeId,a.status as status,a.title as title,a.price as price,a.user_id as posterId,b.user_name as posterName, b.credit as posterStar,b.user_img as posterImg from orders a left join user b on a.user_id=b.user_id where a.servant_id=? 
2019-04-01 01:00:56.145 DEBUG 15288 --- [http-nio-8088-exec-2] l.l.b.d.O.selectServiceOrderByServiceId  : ==> Parameters: 1(Integer)
2019-04-01 01:00:56.680 ERROR 15288 --- [http-nio-8088-exec-2] o.a.c.c.C.[.[.[.[dispatcherServlet]      : Servlet.service() for servlet [dispatcherServlet] in context with path [/bluefatty] threw exception [Request processing failed; nested exception is org.springframework.dao.DataIntegrityViolationException: Error attempting to get column 'title' from result set.  Cause: java.sql.SQLDataException: Cannot determine value type from string '我可以带饭'
; Cannot determine value type from string '我可以带饭'; nested exception is java.sql.SQLDataException: Cannot determine value type from string '我可以带饭'] with root cause

com.mysql.cj.exceptions.DataConversionException: Cannot determine value type from string '我可以带饭'
	at com.mysql.cj.result.StringConverter.createFromBytes(StringConverter.java:131) ~[mysql-connector-java-8.0.15.jar:8.0.15]
	at com.mysql.cj.protocol.a.MysqlTextValueDecoder.decodeByteArray(MysqlTextValueDecoder.java:238) ~[mysql-connector-java-8.0.15.jar:8.0.15]
	at com.mysql.cj.protocol.result.AbstractResultsetRow.decodeAndCreateReturnValue(AbstractResultsetRow.java:143) ~[mysql-connector-java-8.0.15.jar:8.0.15]
	at com.mysql.cj.protocol.result.AbstractResultsetRow.getValueFromBytes(AbstractResultsetRow.java:250) ~[mysql-connector-java-8.0.15.jar:8.0.15]
	at com.mysql.cj.protocol.a.result.ByteArrayRow.getValue(ByteArrayRow.java:91) ~[mysql-connector-java-8.0.15.jar:8.0.15]
	at com.mysql.cj.jdbc.result.ResultSetImpl.getNonStringValueFromRow(ResultSetImpl.java:656) ~[mysql-connector-java-8.0.15.jar:8.0.15]
	at com.mysql.cj.jdbc.result.ResultSetImpl.getInt(ResultSetImpl.java:896) ~[mysql-connector-java-8.0.15.jar:8.0.15]
	at com.mysql.cj.jdbc.result.ResultSetImpl.getInt(ResultSetImpl.java:916) ~[mysql-connector-java-8.0.15.jar:8.0.15]
	at com.zaxxer.hikari.pool.HikariProxyResultSet.getInt(HikariProxyResultSet.java) ~[HikariCP-3.2.0.jar:na]
	at sun.reflect.GeneratedMethodAccessor63.invoke(Unknown Source) ~[na:na]
	at sun.reflect.DelegatingMethodAccessorImpl.invoke(DelegatingMethodAccessorImpl.java:43) ~[na:1.8.0_191]
	at java.lang.reflect.Method.invoke(Method.java:498) ~[na:1.8.0_191]
	at org.apache.ibatis.logging.jdbc.ResultSetLogger.invoke(ResultSetLogger.java:68) ~[mybatis-3.5.0.jar:3.5.0]
	at com.sun.proxy.$Proxy94.getInt(Unknown Source) ~[na:na]
	at org.apache.ibatis.type.IntegerTypeHandler.getNullableResult(IntegerTypeHandler.java:37) ~[mybatis-3.5.0.jar:3.5.0]
	at org.apache.ibatis.type.IntegerTypeHandler.getNullableResult(IntegerTypeHandler.java:26) ~[mybatis-3.5.0.jar:3.5.0]
	at org.apache.ibatis.type.BaseTypeHandler.getResult(BaseTypeHandler.java:81) ~[mybatis-3.5.0.jar:3.5.0]
	at org.apache.ibatis.executor.resultset.DefaultResultSetHandler.createUsingConstructor(DefaultResultSetHandler.java:672) ~[mybatis-3.5.0.jar:3.5.0]
	at org.apache.ibatis.executor.resultset.DefaultResultSetHandler.createByConstructorSignature(DefaultResultSetHandler.java:655) ~[mybatis-3.5.0.jar:3.5.0]
	at org.apache.ibatis.executor.resultset.DefaultResultSetHandler.createResultObject(DefaultResultSetHandler.java:618) ~[mybatis-3.5.0.jar:3.5.0]
	at org.apache.ibatis.executor.resultset.DefaultResultSetHandler.createResultObject(DefaultResultSetHandler.java:591) ~[mybatis-3.5.0.jar:3.5.0]
	at org.apache.ibatis.executor.resultset.DefaultResultSetHandler.getRowValue(DefaultResultSetHandler.java:397) ~[mybatis-3.5.0.jar:3.5.0]
	at org.apache.ibatis.executor.resultset.DefaultResultSetHandler.handleRowValuesForSimpleResultMap(DefaultResultSetHandler.java:354) ~[mybatis-3.5.0.jar:3.5.0]
	at org.apache.ibatis.executor.resultset.DefaultResultSetHandler.handleRowValues(DefaultResultSetHandler.java:328) ~[mybatis-3.5.0.jar:3.5.0]
	at org.apache.ibatis.executor.resultset.DefaultResultSetHandler.handleResultSet(DefaultResultSetHandler.java:301) ~[mybatis-3.5.0.jar:3.5.0]
	at org.apache.ibatis.executor.resultset.DefaultResultSetHandler.handleResultSets(DefaultResultSetHandler.java:194) ~[mybatis-3.5.0.jar:3.5.0]
	at org.apache.ibatis.executor.statement.PreparedStatementHandler.query(PreparedStatementHandler.java:65) ~[mybatis-3.5.0.jar:3.5.0]
	at org.apache.ibatis.executor.statement.RoutingStatementHandler.query(RoutingStatementHandler.java:79) ~[mybatis-3.5.0.jar:3.5.0]
	at org.apache.ibatis.executor.SimpleExecutor.doQuery(SimpleExecutor.java:63) ~[mybatis-3.5.0.jar:3.5.0]
	at org.apache.ibatis.executor.BaseExecutor.queryFromDatabase(BaseExecutor.java:324) ~[mybatis-3.5.0.jar:3.5.0]
	at org.apache.ibatis.executor.BaseExecutor.query(BaseExecutor.java:156) ~[mybatis-3.5.0.jar:3.5.0]
	at org.apache.ibatis.executor.CachingExecutor.query(CachingExecutor.java:109) ~[mybatis-3.5.0.jar:3.5.0]
	at org.apache.ibatis.executor.CachingExecutor.query(CachingExecutor.java:83) ~[mybatis-3.5.0.jar:3.5.0]
	at org.apache.ibatis.session.defaults.DefaultSqlSession.selectList(DefaultSqlSession.java:148) ~[mybatis-3.5.0.jar:3.5.0]
	at org.apache.ibatis.session.defaults.DefaultSqlSession.selectList(DefaultSqlSession.java:141) ~[mybatis-3.5.0.jar:3.5.0]
	at sun.reflect.NativeMethodAccessorImpl.invoke0(Native Method) ~[na:1.8.0_191]
	at sun.reflect.NativeMethodAccessorImpl.invoke(NativeMethodAccessorImpl.java:62) ~[na:1.8.0_191]
	at sun.reflect.DelegatingMethodAccessorImpl.invoke(DelegatingMethodAccessorImpl.java:43) ~[na:1.8.0_191]
	at java.lang.reflect.Method.invoke(Method.java:498) ~[na:1.8.0_191]
	at org.mybatis.spring.SqlSessionTemplate$SqlSessionInterceptor.invoke(SqlSessionTemplate.java:433) ~[mybatis-spring-2.0.0.jar:2.0.0]
	at com.sun.proxy.$Proxy80.selectList(Unknown Source) ~[na:na]
	at org.mybatis.spring.SqlSessionTemplate.selectList(SqlSessionTemplate.java:230) ~[mybatis-spring-2.0.0.jar:2.0.0]
	at org.apache.ibatis.binding.MapperMethod.executeForMany(MapperMethod.java:144) ~[mybatis-3.5.0.jar:3.5.0]
	at org.apache.ibatis.binding.MapperMethod.execute(MapperMethod.java:77) ~[mybatis-3.5.0.jar:3.5.0]
	at org.apache.ibatis.binding.MapperProxy.invoke(MapperProxy.java:58) ~[mybatis-3.5.0.jar:3.5.0]
	at com.sun.proxy.$Proxy86.selectServiceOrderByServiceId(Unknown Source) ~[na:na]
	at link.lycreate.bluefatty.service.impl.OrderServiceImpl.getServiceOrder(OrderServiceImpl.java:236) ~[classes/:na]
	at link.lycreate.bluefatty.service.impl.OrderServiceImpl$$FastClassBySpringCGLIB$$5ffd7c21.invoke(<generated>) ~[classes/:na]
	at org.springframework.cglib.proxy.MethodProxy.invoke(MethodProxy.java:218) ~[spring-core-5.1.5.RELEASE.jar:5.1.5.RELEASE]
	at org.springframework.aop.framework.CglibAopProxy$CglibMethodInvocation.invokeJoinpoint(CglibAopProxy.java:749) ~[spring-aop-5.1.5.RELEASE.jar:5.1.5.RELEASE]
	at org.springframework.aop.framework.ReflectiveMethodInvocation.proceed(ReflectiveMethodInvocation.java:163) ~[spring-aop-5.1.5.RELEASE.jar:5.1.5.RELEASE]
	at org.springframework.transaction.interceptor.TransactionAspectSupport.invokeWithinTransaction(TransactionAspectSupport.java:294) ~[spring-tx-5.1.5.RELEASE.jar:5.1.5.RELEASE]
	at org.springframework.transaction.interceptor.TransactionInterceptor.invoke(TransactionInterceptor.java:98) ~[spring-tx-5.1.5.RELEASE.jar:5.1.5.RELEASE]
	at org.springframework.aop.framework.ReflectiveMethodInvocation.proceed(ReflectiveMethodInvocation.java:186) ~[spring-aop-5.1.5.RELEASE.jar:5.1.5.RELEASE]
	at org.springframework.aop.framework.CglibAopProxy$DynamicAdvisedInterceptor.intercept(CglibAopProxy.java:688) ~[spring-aop-5.1.5.RELEASE.jar:5.1.5.RELEASE]
	at link.lycreate.bluefatty.service.impl.OrderServiceImpl$$EnhancerBySpringCGLIB$$8ad6459.getServiceOrder(<generated>) ~[classes/:na]
	at link.lycreate.bluefatty.controller.OrderController.getServiceOrder(OrderController.java:376) ~[classes/:na]
	at sun.reflect.NativeMethodAccessorImpl.invoke0(Native Method) ~[na:1.8.0_191]
	at sun.reflect.NativeMethodAccessorImpl.invoke(NativeMethodAccessorImpl.java:62) ~[na:1.8.0_191]
	at sun.reflect.DelegatingMethodAccessorImpl.invoke(DelegatingMethodAccessorImpl.java:43) ~[na:1.8.0_191]
	at java.lang.reflect.Method.invoke(Method.java:498) ~[na:1.8.0_191]
	at org.springframework.web.method.support.InvocableHandlerMethod.doInvoke(InvocableHandlerMethod.java:189) ~[spring-web-5.1.5.RELEASE.jar:5.1.5.RELEASE]
	at org.springframework.web.method.support.InvocableHandlerMethod.invokeForRequest(InvocableHandlerMethod.java:138) ~[spring-web-5.1.5.RELEASE.jar:5.1.5.RELEASE]
	at org.springframework.web.servlet.mvc.method.annotation.ServletInvocableHandlerMethod.invokeAndHandle(ServletInvocableHandlerMethod.java:102) ~[spring-webmvc-5.1.5.RELEASE.jar:5.1.5.RELEASE]
	at org.springframework.web.servlet.mvc.method.annotation.RequestMappingHandlerAdapter.invokeHandlerMethod(RequestMappingHandlerAdapter.java:895) ~[spring-webmvc-5.1.5.RELEASE.jar:5.1.5.RELEASE]
	at org.springframework.web.servlet.mvc.method.annotation.RequestMappingHandlerAdapter.handleInternal(RequestMappingHandlerAdapter.java:800) ~[spring-webmvc-5.1.5.RELEASE.jar:5.1.5.RELEASE]
	at org.springframework.web.servlet.mvc.method.AbstractHandlerMethodAdapter.handle(AbstractHandlerMethodAdapter.java:87) ~[spring-webmvc-5.1.5.RELEASE.jar:5.1.5.RELEASE]
	at org.springframework.web.servlet.DispatcherServlet.doDispatch(DispatcherServlet.java:1038) ~[spring-webmvc-5.1.5.RELEASE.jar:5.1.5.RELEASE]
	at org.springframework.web.servlet.DispatcherServlet.doService(DispatcherServlet.java:942) ~[spring-webmvc-5.1.5.RELEASE.jar:5.1.5.RELEASE]
	at org.springframework.web.servlet.FrameworkServlet.processRequest(FrameworkServlet.java:1005) ~[spring-webmvc-5.1.5.RELEASE.jar:5.1.5.RELEASE]
	at org.springframework.web.servlet.FrameworkServlet.doPost(FrameworkServlet.java:908) ~[spring-webmvc-5.1.5.RELEASE.jar:5.1.5.RELEASE]
	at javax.servlet.http.HttpServlet.service(HttpServlet.java:660) ~[tomcat-embed-core-9.0.16.jar:9.0.16]
	at org.springframework.web.servlet.FrameworkServlet.service(FrameworkServlet.java:882) ~[spring-webmvc-5.1.5.RELEASE.jar:5.1.5.RELEASE]
	at javax.servlet.http.HttpServlet.service(HttpServlet.java:741) ~[tomcat-embed-core-9.0.16.jar:9.0.16]
	at org.apache.catalina.core.ApplicationFilterChain.internalDoFilter(ApplicationFilterChain.java:231) ~[tomcat-embed-core-9.0.16.jar:9.0.16]
	at org.apache.catalina.core.ApplicationFilterChain.doFilter(ApplicationFilterChain.java:166) ~[tomcat-embed-core-9.0.16.jar:9.0.16]
	at org.apache.tomcat.websocket.server.WsFilter.doFilter(WsFilter.java:53) ~[tomcat-embed-websocket-9.0.16.jar:9.0.16]
	at org.apache.catalina.core.ApplicationFilterChain.internalDoFilter(ApplicationFilterChain.java:193) ~[tomcat-embed-core-9.0.16.jar:9.0.16]
	at org.apache.catalina.core.ApplicationFilterChain.doFilter(ApplicationFilterChain.java:166) ~[tomcat-embed-core-9.0.16.jar:9.0.16]
	at org.springframework.web.filter.RequestContextFilter.doFilterInternal(RequestContextFilter.java:99) ~[spring-web-5.1.5.RELEASE.jar:5.1.5.RELEASE]
	at org.springframework.web.filter.OncePerRequestFilter.doFilter(OncePerRequestFilter.java:107) ~[spring-web-5.1.5.RELEASE.jar:5.1.5.RELEASE]
	at org.apache.catalina.core.ApplicationFilterChain.internalDoFilter(ApplicationFilterChain.java:193) ~[tomcat-embed-core-9.0.16.jar:9.0.16]
	at org.apache.catalina.core.ApplicationFilterChain.doFilter(ApplicationFilterChain.java:166) ~[tomcat-embed-core-9.0.16.jar:9.0.16]
	at org.springframework.web.filter.FormContentFilter.doFilterInternal(FormContentFilter.java:92) ~[spring-web-5.1.5.RELEASE.jar:5.1.5.RELEASE]
	at org.springframework.web.filter.OncePerRequestFilter.doFilter(OncePerRequestFilter.java:107) ~[spring-web-5.1.5.RELEASE.jar:5.1.5.RELEASE]
	at org.apache.catalina.core.ApplicationFilterChain.internalDoFilter(ApplicationFilterChain.java:193) ~[tomcat-embed-core-9.0.16.jar:9.0.16]
	at org.apache.catalina.core.ApplicationFilterChain.doFilter(ApplicationFilterChain.java:166) ~[tomcat-embed-core-9.0.16.jar:9.0.16]
	at org.springframework.web.filter.HiddenHttpMethodFilter.doFilterInternal(HiddenHttpMethodFilter.java:93) ~[spring-web-5.1.5.RELEASE.jar:5.1.5.RELEASE]
	at org.springframework.web.filter.OncePerRequestFilter.doFilter(OncePerRequestFilter.java:107) ~[spring-web-5.1.5.RELEASE.jar:5.1.5.RELEASE]
	at org.apache.catalina.core.ApplicationFilterChain.internalDoFilter(ApplicationFilterChain.java:193) ~[tomcat-embed-core-9.0.16.jar:9.0.16]
	at org.apache.catalina.core.ApplicationFilterChain.doFilter(ApplicationFilterChain.java:166) ~[tomcat-embed-core-9.0.16.jar:9.0.16]
	at org.springframework.web.filter.CharacterEncodingFilter.doFilterInternal(CharacterEncodingFilter.java:200) ~[spring-web-5.1.5.RELEASE.jar:5.1.5.RELEASE]
	at org.springframework.web.filter.OncePerRequestFilter.doFilter(OncePerRequestFilter.java:107) ~[spring-web-5.1.5.RELEASE.jar:5.1.5.RELEASE]
	at org.apache.catalina.core.ApplicationFilterChain.internalDoFilter(ApplicationFilterChain.java:193) ~[tomcat-embed-core-9.0.16.jar:9.0.16]
	at org.apache.catalina.core.ApplicationFilterChain.doFilter(ApplicationFilterChain.java:166) ~[tomcat-embed-core-9.0.16.jar:9.0.16]
	at org.apache.catalina.core.StandardWrapperValve.invoke(StandardWrapperValve.java:200) ~[tomcat-embed-core-9.0.16.jar:9.0.16]
	at org.apache.catalina.core.StandardContextValve.invoke(StandardContextValve.java:96) [tomcat-embed-core-9.0.16.jar:9.0.16]
	at org.apache.catalina.authenticator.AuthenticatorBase.invoke(AuthenticatorBase.java:490) [tomcat-embed-core-9.0.16.jar:9.0.16]
	at org.apache.catalina.core.StandardHostValve.invoke(StandardHostValve.java:139) [tomcat-embed-core-9.0.16.jar:9.0.16]
	at org.apache.catalina.valves.ErrorReportValve.invoke(ErrorReportValve.java:92) [tomcat-embed-core-9.0.16.jar:9.0.16]
	at org.apache.catalina.core.StandardEngineValve.invoke(StandardEngineValve.java:74) [tomcat-embed-core-9.0.16.jar:9.0.16]
	at org.apache.catalina.connector.CoyoteAdapter.service(CoyoteAdapter.java:343) [tomcat-embed-core-9.0.16.jar:9.0.16]
	at org.apache.coyote.http11.Http11Processor.service(Http11Processor.java:408) [tomcat-embed-core-9.0.16.jar:9.0.16]
	at org.apache.coyote.AbstractProcessorLight.process(AbstractProcessorLight.java:66) [tomcat-embed-core-9.0.16.jar:9.0.16]
	at org.apache.coyote.AbstractProtocol$ConnectionHandler.process(AbstractProtocol.java:834) [tomcat-embed-core-9.0.16.jar:9.0.16]
	at org.apache.tomcat.util.net.NioEndpoint$SocketProcessor.doRun(NioEndpoint.java:1415) [tomcat-embed-core-9.0.16.jar:9.0.16]
	at org.apache.tomcat.util.net.SocketProcessorBase.run(SocketProcessorBase.java:49) [tomcat-embed-core-9.0.16.jar:9.0.16]
	at java.util.concurrent.ThreadPoolExecutor.runWorker(ThreadPoolExecutor.java:1149) [na:1.8.0_191]
	at java.util.concurrent.ThreadPoolExecutor$Worker.run(ThreadPoolExecutor.java:624) [na:1.8.0_191]
	at org.apache.tomcat.util.threads.TaskThread$WrappingRunnable.run(TaskThread.java:61) [tomcat-embed-core-9.0.16.jar:9.0.16]
	at java.lang.Thread.run(Thread.java:748) [na:1.8.0_191]

2019-04-01 01:00:56.684 DEBUG 15288 --- [http-nio-8088-exec-2] l.l.bluefatty.dao.UserDao.countByToken   : ==>  Preparing: select count(*) from user where token=? 
2019-04-01 01:00:56.684 DEBUG 15288 --- [http-nio-8088-exec-2] l.l.bluefatty.dao.UserDao.countByToken   : ==> Parameters: IfcGoiLDn13sbsgSTYa1+g==(String)
2019-04-01 01:00:56.685 DEBUG 15288 --- [http-nio-8088-exec-2] l.l.bluefatty.dao.UserDao.countByToken   : <==      Total: 1
2019-04-01 01:06:15.632  INFO 17136 --- [main] l.l.bluefatty.BluefattyApplication       : Starting BluefattyApplication on DESKTOP-FGTLSFF with PID 17136 (started by Asus in E:\ssmprojects\BlueFatty项目\bluefatty)
2019-04-01 01:06:15.660  INFO 17136 --- [main] l.l.bluefatty.BluefattyApplication       : No active profile set, falling back to default profiles: default
2019-04-01 01:06:16.641  INFO 17136 --- [main] .s.d.r.c.RepositoryConfigurationDelegate : Multiple Spring Data modules found, entering strict repository configuration mode!
2019-04-01 01:06:16.642  INFO 17136 --- [main] .s.d.r.c.RepositoryConfigurationDelegate : Bootstrapping Spring Data repositories in DEFAULT mode.
2019-04-01 01:06:16.660  INFO 17136 --- [main] .s.d.r.c.RepositoryConfigurationDelegate : Finished Spring Data repository scanning in 10ms. Found 0 repository interfaces.
2019-04-01 01:06:16.671  INFO 17136 --- [main] .s.d.r.c.RepositoryConfigurationDelegate : Multiple Spring Data modules found, entering strict repository configuration mode!
2019-04-01 01:06:16.672  INFO 17136 --- [main] .s.d.r.c.RepositoryConfigurationDelegate : Bootstrapping Spring Data repositories in DEFAULT mode.
2019-04-01 01:06:16.686  INFO 17136 --- [main] .s.d.r.c.RepositoryConfigurationDelegate : Finished Spring Data repository scanning in 5ms. Found 0 repository interfaces.
2019-04-01 01:06:16.986  INFO 17136 --- [main] trationDelegate$BeanPostProcessorChecker : Bean 'org.springframework.transaction.annotation.ProxyTransactionManagementConfiguration' of type [org.springframework.transaction.annotation.ProxyTransactionManagementConfiguration$$EnhancerBySpringCGLIB$$a1fa13ed] is not eligible for getting processed by all BeanPostProcessors (for example: not eligible for auto-proxying)
2019-04-01 01:06:17.321  INFO 17136 --- [main] o.s.b.w.embedded.tomcat.TomcatWebServer  : Tomcat initialized with port(s): 8088 (http)
2019-04-01 01:06:17.343  INFO 17136 --- [main] o.apache.catalina.core.StandardService   : Starting service [Tomcat]
2019-04-01 01:06:17.344  INFO 17136 --- [main] org.apache.catalina.core.StandardEngine  : Starting Servlet engine: [Apache Tomcat/9.0.16]
2019-04-01 01:06:17.351  INFO 17136 --- [main] o.a.catalina.core.AprLifecycleListener   : An older version [1.2.18] of the APR based Apache Tomcat Native library is installed, while Tomcat recommends a minimum version of [1.2.21]
2019-04-01 01:06:17.351  INFO 17136 --- [main] o.a.catalina.core.AprLifecycleListener   : Loaded APR based Apache Tomcat Native library [1.2.18] using APR version [1.6.5].
2019-04-01 01:06:17.352  INFO 17136 --- [main] o.a.catalina.core.AprLifecycleListener   : APR capabilities: IPv6 [true], sendfile [true], accept filters [false], random [true].
2019-04-01 01:06:17.352  INFO 17136 --- [main] o.a.catalina.core.AprLifecycleListener   : APR/OpenSSL configuration: useAprConnector [false], useOpenSSL [true]
2019-04-01 01:06:17.355  INFO 17136 --- [main] o.a.catalina.core.AprLifecycleListener   : OpenSSL successfully initialized [OpenSSL 1.1.1  11 Sep 2018]
2019-04-01 01:06:17.484  INFO 17136 --- [main] o.a.c.c.C.[.[localhost].[/bluefatty]     : Initializing Spring embedded WebApplicationContext
2019-04-01 01:06:17.484  INFO 17136 --- [main] o.s.web.context.ContextLoader            : Root WebApplicationContext: initialization completed in 1763 ms
2019-04-01 01:06:17.654  INFO 17136 --- [main] com.zaxxer.hikari.HikariDataSource       : HikariPool-1 - Starting...
2019-04-01 01:06:17.861  INFO 17136 --- [main] com.zaxxer.hikari.HikariDataSource       : HikariPool-1 - Start completed.
2019-04-01 01:06:17.913  INFO 17136 --- [main] o.hibernate.jpa.internal.util.LogHelper  : HHH000204: Processing PersistenceUnitInfo [
	name: default
	...]
2019-04-01 01:06:17.977  INFO 17136 --- [main] org.hibernate.Version                    : HHH000412: Hibernate Core {5.3.7.Final}
2019-04-01 01:06:17.977  INFO 17136 --- [main] org.hibernate.cfg.Environment            : HHH000206: hibernate.properties not found
2019-04-01 01:06:18.110  INFO 17136 --- [main] o.hibernate.annotations.common.Version   : HCANN000001: Hibernate Commons Annotations {5.0.4.Final}
2019-04-01 01:06:18.251  INFO 17136 --- [main] org.hibernate.dialect.Dialect            : HHH000400: Using dialect: org.hibernate.dialect.MySQL5Dialect
2019-04-01 01:06:18.411  INFO 17136 --- [main] j.LocalContainerEntityManagerFactoryBean : Initialized JPA EntityManagerFactory for persistence unit 'default'
2019-04-01 01:06:18.973  INFO 17136 --- [main] o.s.s.concurrent.ThreadPoolTaskExecutor  : Initializing ExecutorService 'applicationTaskExecutor'
2019-04-01 01:06:19.009  WARN 17136 --- [main] aWebConfiguration$JpaWebMvcConfiguration : spring.jpa.open-in-view is enabled by default. Therefore, database queries may be performed during view rendering. Explicitly configure spring.jpa.open-in-view to disable this warning
2019-04-01 01:06:19.493  INFO 17136 --- [main] o.s.b.w.embedded.tomcat.TomcatWebServer  : Tomcat started on port(s): 8088 (http) with context path '/bluefatty'
2019-04-01 01:06:19.496  INFO 17136 --- [main] l.l.bluefatty.BluefattyApplication       : Started BluefattyApplication in 4.252 seconds (JVM running for 5.285)
2019-04-01 01:06:31.295  INFO 17136 --- [http-nio-8088-exec-1] o.a.c.c.C.[.[localhost].[/bluefatty]     : Initializing Spring DispatcherServlet 'dispatcherServlet'
2019-04-01 01:06:31.296  INFO 17136 --- [http-nio-8088-exec-1] o.s.web.servlet.DispatcherServlet        : Initializing Servlet 'dispatcherServlet'
2019-04-01 01:06:31.318  INFO 17136 --- [http-nio-8088-exec-1] o.s.web.servlet.DispatcherServlet        : Completed initialization in 22 ms
2019-04-01 01:06:31.518 DEBUG 17136 --- [http-nio-8088-exec-2] l.l.b.d.O.selectServiceByServiceId       : ==>  Preparing: select content from orders where order_id=? 
2019-04-01 01:06:31.543 DEBUG 17136 --- [http-nio-8088-exec-2] l.l.b.d.O.selectServiceByServiceId       : ==> Parameters: 1(Integer)
2019-04-01 01:06:31.558 DEBUG 17136 --- [http-nio-8088-exec-2] l.l.b.d.O.selectServiceByServiceId       : <==      Total: 0
2019-04-01 01:06:33.378 DEBUG 17136 --- [http-nio-8088-exec-1] l.l.bluefatty.dao.UserDao.countByOpenId  : ==>  Preparing: select count(*) from user where open_id=? 
2019-04-01 01:06:33.378 DEBUG 17136 --- [http-nio-8088-exec-1] l.l.bluefatty.dao.UserDao.countByOpenId  : ==> Parameters: oKYoZ48veN9YlYsQhuccNPG4E2nk(String)
2019-04-01 01:06:33.382 DEBUG 17136 --- [http-nio-8088-exec-1] l.l.bluefatty.dao.UserDao.countByOpenId  : <==      Total: 1
2019-04-01 01:06:33.383 DEBUG 17136 --- [http-nio-8088-exec-1] l.l.b.dao.UserDao.getUserIdByOpenId      : ==>  Preparing: select user_id from user where open_id=? 
2019-04-01 01:06:33.384 DEBUG 17136 --- [http-nio-8088-exec-1] l.l.b.dao.UserDao.getUserIdByOpenId      : ==> Parameters: oKYoZ48veN9YlYsQhuccNPG4E2nk(String)
2019-04-01 01:06:33.384 DEBUG 17136 --- [http-nio-8088-exec-1] l.l.b.dao.UserDao.getUserIdByOpenId      : <==      Total: 1
2019-04-01 01:06:33.386 DEBUG 17136 --- [http-nio-8088-exec-1] l.l.bluefatty.dao.UserDao.updateToken    : ==>  Preparing: update user set token=? where user_id=? 
2019-04-01 01:06:33.386 DEBUG 17136 --- [http-nio-8088-exec-1] l.l.bluefatty.dao.UserDao.updateToken    : ==> Parameters: z1mlKFK9kDixzWbPPJpoyg==(String), 1(Integer)
2019-04-01 01:06:33.551 DEBUG 17136 --- [http-nio-8088-exec-1] l.l.bluefatty.dao.UserDao.updateToken    : <==    Updates: 1
2019-04-01 01:06:33.552 DEBUG 17136 --- [http-nio-8088-exec-1] l.l.b.dao.UserDao.selectUserStatus       : ==>  Preparing: select status from user where user_id=? 
2019-04-01 01:06:33.553 DEBUG 17136 --- [http-nio-8088-exec-1] l.l.b.dao.UserDao.selectUserStatus       : ==> Parameters: 1(Integer)
2019-04-01 01:06:33.555 DEBUG 17136 --- [http-nio-8088-exec-1] l.l.b.dao.UserDao.selectUserStatus       : <==      Total: 1
2019-04-01 01:06:33.557 DEBUG 17136 --- [http-nio-8088-exec-1] l.l.b.dao.UserDao.selectUserInfo         : ==>  Preparing: select user_name as userName,user_img as userImg from user where user_id=? 
2019-04-01 01:06:33.557 DEBUG 17136 --- [http-nio-8088-exec-1] l.l.b.dao.UserDao.selectUserInfo         : ==> Parameters: 1(Integer)
2019-04-01 01:06:33.564 DEBUG 17136 --- [http-nio-8088-exec-1] l.l.b.dao.UserDao.selectUserInfo         : <==      Total: 1
2019-04-01 01:06:33.565 DEBUG 17136 --- [http-nio-8088-exec-1] l.l.b.dao.UserDao.selectUniversityId     : ==>  Preparing: select university_id from user where user_id=? 
2019-04-01 01:06:33.566 DEBUG 17136 --- [http-nio-8088-exec-1] l.l.b.dao.UserDao.selectUniversityId     : ==> Parameters: 1(Integer)
2019-04-01 01:06:33.569 DEBUG 17136 --- [http-nio-8088-exec-1] l.l.b.dao.UserDao.selectUniversityId     : <==      Total: 1
2019-04-01 01:06:33.571 DEBUG 17136 --- [http-nio-8088-exec-1] l.l.b.dao.PlaceDao.selectPlaceMap        : ==>  Preparing: select place_id,content from place where university_id=? 
2019-04-01 01:06:33.572 DEBUG 17136 --- [http-nio-8088-exec-1] l.l.b.dao.PlaceDao.selectPlaceMap        : ==> Parameters: 1(Integer)
2019-04-01 01:06:33.579 DEBUG 17136 --- [http-nio-8088-exec-1] l.l.b.dao.PlaceDao.selectPlaceMap        : <==      Total: 3
2019-04-01 01:06:33.581 DEBUG 17136 --- [http-nio-8088-exec-1] l.l.bluefatty.dao.TypeDao.selectTypeMap  : ==>  Preparing: select type_id,content from type 
2019-04-01 01:06:33.582 DEBUG 17136 --- [http-nio-8088-exec-1] l.l.bluefatty.dao.TypeDao.selectTypeMap  : ==> Parameters: 
2019-04-01 01:06:33.589 DEBUG 17136 --- [http-nio-8088-exec-1] l.l.bluefatty.dao.TypeDao.selectTypeMap  : <==      Total: 6
2019-04-01 01:06:33.591 DEBUG 17136 --- [http-nio-8088-exec-1] l.l.b.d.U.selectUniversityMap            : ==>  Preparing: select university_id,university_name from university 
2019-04-01 01:06:33.591 DEBUG 17136 --- [http-nio-8088-exec-1] l.l.b.d.U.selectUniversityMap            : ==> Parameters: 
2019-04-01 01:06:33.599 DEBUG 17136 --- [http-nio-8088-exec-1] l.l.b.d.U.selectUniversityMap            : <==      Total: 2
2019-04-01 01:06:36.816 DEBUG 17136 --- [http-nio-8088-exec-3] l.l.b.dao.OrderDao.selectDmdByPage       : ==>  Preparing: select a.order_id as dmdId,a.create_time as createTime,a.deadline as deadLine,a.place_id as placeId, a.type_id as typeId,a.title as title,a.price as price,a.dmder_id as dmderId,b.user_name as dmderName, b.credit as dmderStar,b.user_img as dmderImg from orders a left join user b on a.dmder_id=b.user_id where a.status=1 and a.university_id=? limit ?,10 
2019-04-01 01:06:36.817 DEBUG 17136 --- [http-nio-8088-exec-3] l.l.b.dao.OrderDao.selectDmdByPage       : ==> Parameters: 1(Integer), 0(Integer)
2019-04-01 01:06:36.821 DEBUG 17136 --- [http-nio-8088-exec-3] l.l.b.dao.OrderDao.selectDmdByPage       : <==      Total: 2
2019-04-01 01:06:40.402 DEBUG 17136 --- [http-nio-8088-exec-4] l.l.bluefatty.dao.UserDao.countByToken   : ==>  Preparing: select count(*) from user where token=? 
2019-04-01 01:06:40.402 DEBUG 17136 --- [http-nio-8088-exec-4] l.l.bluefatty.dao.UserDao.countByToken   : ==> Parameters: z1mlKFK9kDixzWbPPJpoyg==(String)
2019-04-01 01:06:40.403 DEBUG 17136 --- [http-nio-8088-exec-4] l.l.bluefatty.dao.UserDao.countByToken   : <==      Total: 1
2019-04-01 01:06:40.405 DEBUG 17136 --- [http-nio-8088-exec-4] l.l.b.dao.UserDao.selectUserIdByToken    : ==>  Preparing: select user_id from user where token=? 
2019-04-01 01:06:40.406 DEBUG 17136 --- [http-nio-8088-exec-4] l.l.b.dao.UserDao.selectUserIdByToken    : ==> Parameters: z1mlKFK9kDixzWbPPJpoyg==(String)
2019-04-01 01:06:40.406 DEBUG 17136 --- [http-nio-8088-exec-4] l.l.b.dao.UserDao.selectUserIdByToken    : <==      Total: 1
2019-04-01 01:06:40.408 DEBUG 17136 --- [http-nio-8088-exec-4] l.l.b.d.O.selectRecordServiceOrder       : ==>  Preparing: select a.order_id as orderId,a.deadline as deadline,a.place_id as placeId, a.type_id as typeId,a.status as status,a.title as title,a.price as price,a.user_id as posterId,b.user_name as posterName, b.credit as posterStar,b.user_img as posterImg from orders a left join user b on a.user_id=b.user_id left join records c on a.order_id=c.order_id where c.recorder_id=? and c.status=0 
2019-04-01 01:06:40.408 DEBUG 17136 --- [http-nio-8088-exec-4] l.l.b.d.O.selectRecordServiceOrder       : ==> Parameters: 1(Integer)
2019-04-01 01:06:40.410 DEBUG 17136 --- [http-nio-8088-exec-4] l.l.b.d.O.selectRecordServiceOrder       : <==      Total: 0
2019-04-01 01:06:40.411 DEBUG 17136 --- [http-nio-8088-exec-4] l.l.b.d.O.selectServiceOrderByServiceId  : ==>  Preparing: select a.order_id as orderId,a.deadline as deadline,a.place_id as placeId, a.type_id as typeId,a.status as status,a.title as title,a.price as price,a.user_id as posterId,b.user_name as posterName, b.credit as posterStar,b.user_img as posterImg from orders a left join user b on a.user_id=b.user_id where a.servant_id=? 
2019-04-01 01:06:40.411 DEBUG 17136 --- [http-nio-8088-exec-4] l.l.b.d.O.selectServiceOrderByServiceId  : ==> Parameters: 1(Integer)
2019-04-01 01:06:40.484 ERROR 17136 --- [http-nio-8088-exec-4] o.a.c.c.C.[.[.[.[dispatcherServlet]      : Servlet.service() for servlet [dispatcherServlet] in context with path [/bluefatty] threw exception [Request processing failed; nested exception is org.springframework.dao.DataIntegrityViolationException: Error attempting to get column 'title' from result set.  Cause: java.sql.SQLDataException: Cannot determine value type from string '我可以带饭'
; Cannot determine value type from string '我可以带饭'; nested exception is java.sql.SQLDataException: Cannot determine value type from string '我可以带饭'] with root cause

com.mysql.cj.exceptions.DataConversionException: Cannot determine value type from string '我可以带饭'
	at com.mysql.cj.result.StringConverter.createFromBytes(StringConverter.java:131) ~[mysql-connector-java-8.0.15.jar:8.0.15]
	at com.mysql.cj.protocol.a.MysqlTextValueDecoder.decodeByteArray(MysqlTextValueDecoder.java:238) ~[mysql-connector-java-8.0.15.jar:8.0.15]
	at com.mysql.cj.protocol.result.AbstractResultsetRow.decodeAndCreateReturnValue(AbstractResultsetRow.java:143) ~[mysql-connector-java-8.0.15.jar:8.0.15]
	at com.mysql.cj.protocol.result.AbstractResultsetRow.getValueFromBytes(AbstractResultsetRow.java:250) ~[mysql-connector-java-8.0.15.jar:8.0.15]
	at com.mysql.cj.protocol.a.result.ByteArrayRow.getValue(ByteArrayRow.java:91) ~[mysql-connector-java-8.0.15.jar:8.0.15]
	at com.mysql.cj.jdbc.result.ResultSetImpl.getNonStringValueFromRow(ResultSetImpl.java:656) ~[mysql-connector-java-8.0.15.jar:8.0.15]
	at com.mysql.cj.jdbc.result.ResultSetImpl.getInt(ResultSetImpl.java:896) ~[mysql-connector-java-8.0.15.jar:8.0.15]
	at com.mysql.cj.jdbc.result.ResultSetImpl.getInt(ResultSetImpl.java:916) ~[mysql-connector-java-8.0.15.jar:8.0.15]
	at com.zaxxer.hikari.pool.HikariProxyResultSet.getInt(HikariProxyResultSet.java) ~[HikariCP-3.2.0.jar:na]
	at sun.reflect.GeneratedMethodAccessor63.invoke(Unknown Source) ~[na:na]
	at sun.reflect.DelegatingMethodAccessorImpl.invoke(DelegatingMethodAccessorImpl.java:43) ~[na:1.8.0_191]
	at java.lang.reflect.Method.invoke(Method.java:498) ~[na:1.8.0_191]
	at org.apache.ibatis.logging.jdbc.ResultSetLogger.invoke(ResultSetLogger.java:68) ~[mybatis-3.5.0.jar:3.5.0]
	at com.sun.proxy.$Proxy94.getInt(Unknown Source) ~[na:na]
	at org.apache.ibatis.type.IntegerTypeHandler.getNullableResult(IntegerTypeHandler.java:37) ~[mybatis-3.5.0.jar:3.5.0]
	at org.apache.ibatis.type.IntegerTypeHandler.getNullableResult(IntegerTypeHandler.java:26) ~[mybatis-3.5.0.jar:3.5.0]
	at org.apache.ibatis.type.BaseTypeHandler.getResult(BaseTypeHandler.java:81) ~[mybatis-3.5.0.jar:3.5.0]
	at org.apache.ibatis.executor.resultset.DefaultResultSetHandler.createUsingConstructor(DefaultResultSetHandler.java:672) ~[mybatis-3.5.0.jar:3.5.0]
	at org.apache.ibatis.executor.resultset.DefaultResultSetHandler.createByConstructorSignature(DefaultResultSetHandler.java:655) ~[mybatis-3.5.0.jar:3.5.0]
	at org.apache.ibatis.executor.resultset.DefaultResultSetHandler.createResultObject(DefaultResultSetHandler.java:618) ~[mybatis-3.5.0.jar:3.5.0]
	at org.apache.ibatis.executor.resultset.DefaultResultSetHandler.createResultObject(DefaultResultSetHandler.java:591) ~[mybatis-3.5.0.jar:3.5.0]
	at org.apache.ibatis.executor.resultset.DefaultResultSetHandler.getRowValue(DefaultResultSetHandler.java:397) ~[mybatis-3.5.0.jar:3.5.0]
	at org.apache.ibatis.executor.resultset.DefaultResultSetHandler.handleRowValuesForSimpleResultMap(DefaultResultSetHandler.java:354) ~[mybatis-3.5.0.jar:3.5.0]
	at org.apache.ibatis.executor.resultset.DefaultResultSetHandler.handleRowValues(DefaultResultSetHandler.java:328) ~[mybatis-3.5.0.jar:3.5.0]
	at org.apache.ibatis.executor.resultset.DefaultResultSetHandler.handleResultSet(DefaultResultSetHandler.java:301) ~[mybatis-3.5.0.jar:3.5.0]
	at org.apache.ibatis.executor.resultset.DefaultResultSetHandler.handleResultSets(DefaultResultSetHandler.java:194) ~[mybatis-3.5.0.jar:3.5.0]
	at org.apache.ibatis.executor.statement.PreparedStatementHandler.query(PreparedStatementHandler.java:65) ~[mybatis-3.5.0.jar:3.5.0]
	at org.apache.ibatis.executor.statement.RoutingStatementHandler.query(RoutingStatementHandler.java:79) ~[mybatis-3.5.0.jar:3.5.0]
	at org.apache.ibatis.executor.SimpleExecutor.doQuery(SimpleExecutor.java:63) ~[mybatis-3.5.0.jar:3.5.0]
	at org.apache.ibatis.executor.BaseExecutor.queryFromDatabase(BaseExecutor.java:324) ~[mybatis-3.5.0.jar:3.5.0]
	at org.apache.ibatis.executor.BaseExecutor.query(BaseExecutor.java:156) ~[mybatis-3.5.0.jar:3.5.0]
	at org.apache.ibatis.executor.CachingExecutor.query(CachingExecutor.java:109) ~[mybatis-3.5.0.jar:3.5.0]
	at org.apache.ibatis.executor.CachingExecutor.query(CachingExecutor.java:83) ~[mybatis-3.5.0.jar:3.5.0]
	at org.apache.ibatis.session.defaults.DefaultSqlSession.selectList(DefaultSqlSession.java:148) ~[mybatis-3.5.0.jar:3.5.0]
	at org.apache.ibatis.session.defaults.DefaultSqlSession.selectList(DefaultSqlSession.java:141) ~[mybatis-3.5.0.jar:3.5.0]
	at sun.reflect.NativeMethodAccessorImpl.invoke0(Native Method) ~[na:1.8.0_191]
	at sun.reflect.NativeMethodAccessorImpl.invoke(NativeMethodAccessorImpl.java:62) ~[na:1.8.0_191]
	at sun.reflect.DelegatingMethodAccessorImpl.invoke(DelegatingMethodAccessorImpl.java:43) ~[na:1.8.0_191]
	at java.lang.reflect.Method.invoke(Method.java:498) ~[na:1.8.0_191]
	at org.mybatis.spring.SqlSessionTemplate$SqlSessionInterceptor.invoke(SqlSessionTemplate.java:433) ~[mybatis-spring-2.0.0.jar:2.0.0]
	at com.sun.proxy.$Proxy80.selectList(Unknown Source) ~[na:na]
	at org.mybatis.spring.SqlSessionTemplate.selectList(SqlSessionTemplate.java:230) ~[mybatis-spring-2.0.0.jar:2.0.0]
	at org.apache.ibatis.binding.MapperMethod.executeForMany(MapperMethod.java:144) ~[mybatis-3.5.0.jar:3.5.0]
	at org.apache.ibatis.binding.MapperMethod.execute(MapperMethod.java:77) ~[mybatis-3.5.0.jar:3.5.0]
	at org.apache.ibatis.binding.MapperProxy.invoke(MapperProxy.java:58) ~[mybatis-3.5.0.jar:3.5.0]
	at com.sun.proxy.$Proxy86.selectServiceOrderByServiceId(Unknown Source) ~[na:na]
	at link.lycreate.bluefatty.service.impl.OrderServiceImpl.getServiceOrder(OrderServiceImpl.java:236) ~[classes/:na]
	at link.lycreate.bluefatty.service.impl.OrderServiceImpl$$FastClassBySpringCGLIB$$5ffd7c21.invoke(<generated>) ~[classes/:na]
	at org.springframework.cglib.proxy.MethodProxy.invoke(MethodProxy.java:218) ~[spring-core-5.1.5.RELEASE.jar:5.1.5.RELEASE]
	at org.springframework.aop.framework.CglibAopProxy$CglibMethodInvocation.invokeJoinpoint(CglibAopProxy.java:749) ~[spring-aop-5.1.5.RELEASE.jar:5.1.5.RELEASE]
	at org.springframework.aop.framework.ReflectiveMethodInvocation.proceed(ReflectiveMethodInvocation.java:163) ~[spring-aop-5.1.5.RELEASE.jar:5.1.5.RELEASE]
	at org.springframework.transaction.interceptor.TransactionAspectSupport.invokeWithinTransaction(TransactionAspectSupport.java:294) ~[spring-tx-5.1.5.RELEASE.jar:5.1.5.RELEASE]
	at org.springframework.transaction.interceptor.TransactionInterceptor.invoke(TransactionInterceptor.java:98) ~[spring-tx-5.1.5.RELEASE.jar:5.1.5.RELEASE]
	at org.springframework.aop.framework.ReflectiveMethodInvocation.proceed(ReflectiveMethodInvocation.java:186) ~[spring-aop-5.1.5.RELEASE.jar:5.1.5.RELEASE]
	at org.springframework.aop.framework.CglibAopProxy$DynamicAdvisedInterceptor.intercept(CglibAopProxy.java:688) ~[spring-aop-5.1.5.RELEASE.jar:5.1.5.RELEASE]
	at link.lycreate.bluefatty.service.impl.OrderServiceImpl$$EnhancerBySpringCGLIB$$1beff328.getServiceOrder(<generated>) ~[classes/:na]
	at link.lycreate.bluefatty.controller.OrderController.getServiceOrder(OrderController.java:376) ~[classes/:na]
	at sun.reflect.NativeMethodAccessorImpl.invoke0(Native Method) ~[na:1.8.0_191]
	at sun.reflect.NativeMethodAccessorImpl.invoke(NativeMethodAccessorImpl.java:62) ~[na:1.8.0_191]
	at sun.reflect.DelegatingMethodAccessorImpl.invoke(DelegatingMethodAccessorImpl.java:43) ~[na:1.8.0_191]
	at java.lang.reflect.Method.invoke(Method.java:498) ~[na:1.8.0_191]
	at org.springframework.web.method.support.InvocableHandlerMethod.doInvoke(InvocableHandlerMethod.java:189) ~[spring-web-5.1.5.RELEASE.jar:5.1.5.RELEASE]
	at org.springframework.web.method.support.InvocableHandlerMethod.invokeForRequest(InvocableHandlerMethod.java:138) ~[spring-web-5.1.5.RELEASE.jar:5.1.5.RELEASE]
	at org.springframework.web.servlet.mvc.method.annotation.ServletInvocableHandlerMethod.invokeAndHandle(ServletInvocableHandlerMethod.java:102) ~[spring-webmvc-5.1.5.RELEASE.jar:5.1.5.RELEASE]
	at org.springframework.web.servlet.mvc.method.annotation.RequestMappingHandlerAdapter.invokeHandlerMethod(RequestMappingHandlerAdapter.java:895) ~[spring-webmvc-5.1.5.RELEASE.jar:5.1.5.RELEASE]
	at org.springframework.web.servlet.mvc.method.annotation.RequestMappingHandlerAdapter.handleInternal(RequestMappingHandlerAdapter.java:800) ~[spring-webmvc-5.1.5.RELEASE.jar:5.1.5.RELEASE]
	at org.springframework.web.servlet.mvc.method.AbstractHandlerMethodAdapter.handle(AbstractHandlerMethodAdapter.java:87) ~[spring-webmvc-5.1.5.RELEASE.jar:5.1.5.RELEASE]
	at org.springframework.web.servlet.DispatcherServlet.doDispatch(DispatcherServlet.java:1038) ~[spring-webmvc-5.1.5.RELEASE.jar:5.1.5.RELEASE]
	at org.springframework.web.servlet.DispatcherServlet.doService(DispatcherServlet.java:942) ~[spring-webmvc-5.1.5.RELEASE.jar:5.1.5.RELEASE]
	at org.springframework.web.servlet.FrameworkServlet.processRequest(FrameworkServlet.java:1005) ~[spring-webmvc-5.1.5.RELEASE.jar:5.1.5.RELEASE]
	at org.springframework.web.servlet.FrameworkServlet.doPost(FrameworkServlet.java:908) ~[spring-webmvc-5.1.5.RELEASE.jar:5.1.5.RELEASE]
	at javax.servlet.http.HttpServlet.service(HttpServlet.java:660) ~[tomcat-embed-core-9.0.16.jar:9.0.16]
	at org.springframework.web.servlet.FrameworkServlet.service(FrameworkServlet.java:882) ~[spring-webmvc-5.1.5.RELEASE.jar:5.1.5.RELEASE]
	at javax.servlet.http.HttpServlet.service(HttpServlet.java:741) ~[tomcat-embed-core-9.0.16.jar:9.0.16]
	at org.apache.catalina.core.ApplicationFilterChain.internalDoFilter(ApplicationFilterChain.java:231) ~[tomcat-embed-core-9.0.16.jar:9.0.16]
	at org.apache.catalina.core.ApplicationFilterChain.doFilter(ApplicationFilterChain.java:166) ~[tomcat-embed-core-9.0.16.jar:9.0.16]
	at org.apache.tomcat.websocket.server.WsFilter.doFilter(WsFilter.java:53) ~[tomcat-embed-websocket-9.0.16.jar:9.0.16]
	at org.apache.catalina.core.ApplicationFilterChain.internalDoFilter(ApplicationFilterChain.java:193) ~[tomcat-embed-core-9.0.16.jar:9.0.16]
	at org.apache.catalina.core.ApplicationFilterChain.doFilter(ApplicationFilterChain.java:166) ~[tomcat-embed-core-9.0.16.jar:9.0.16]
	at org.springframework.web.filter.RequestContextFilter.doFilterInternal(RequestContextFilter.java:99) ~[spring-web-5.1.5.RELEASE.jar:5.1.5.RELEASE]
	at org.springframework.web.filter.OncePerRequestFilter.doFilter(OncePerRequestFilter.java:107) ~[spring-web-5.1.5.RELEASE.jar:5.1.5.RELEASE]
	at org.apache.catalina.core.ApplicationFilterChain.internalDoFilter(ApplicationFilterChain.java:193) ~[tomcat-embed-core-9.0.16.jar:9.0.16]
	at org.apache.catalina.core.ApplicationFilterChain.doFilter(ApplicationFilterChain.java:166) ~[tomcat-embed-core-9.0.16.jar:9.0.16]
	at org.springframework.web.filter.FormContentFilter.doFilterInternal(FormContentFilter.java:92) ~[spring-web-5.1.5.RELEASE.jar:5.1.5.RELEASE]
	at org.springframework.web.filter.OncePerRequestFilter.doFilter(OncePerRequestFilter.java:107) ~[spring-web-5.1.5.RELEASE.jar:5.1.5.RELEASE]
	at org.apache.catalina.core.ApplicationFilterChain.internalDoFilter(ApplicationFilterChain.java:193) ~[tomcat-embed-core-9.0.16.jar:9.0.16]
	at org.apache.catalina.core.ApplicationFilterChain.doFilter(ApplicationFilterChain.java:166) ~[tomcat-embed-core-9.0.16.jar:9.0.16]
	at org.springframework.web.filter.HiddenHttpMethodFilter.doFilterInternal(HiddenHttpMethodFilter.java:93) ~[spring-web-5.1.5.RELEASE.jar:5.1.5.RELEASE]
	at org.springframework.web.filter.OncePerRequestFilter.doFilter(OncePerRequestFilter.java:107) ~[spring-web-5.1.5.RELEASE.jar:5.1.5.RELEASE]
	at org.apache.catalina.core.ApplicationFilterChain.internalDoFilter(ApplicationFilterChain.java:193) ~[tomcat-embed-core-9.0.16.jar:9.0.16]
	at org.apache.catalina.core.ApplicationFilterChain.doFilter(ApplicationFilterChain.java:166) ~[tomcat-embed-core-9.0.16.jar:9.0.16]
	at org.springframework.web.filter.CharacterEncodingFilter.doFilterInternal(CharacterEncodingFilter.java:200) ~[spring-web-5.1.5.RELEASE.jar:5.1.5.RELEASE]
	at org.springframework.web.filter.OncePerRequestFilter.doFilter(OncePerRequestFilter.java:107) ~[spring-web-5.1.5.RELEASE.jar:5.1.5.RELEASE]
	at org.apache.catalina.core.ApplicationFilterChain.internalDoFilter(ApplicationFilterChain.java:193) ~[tomcat-embed-core-9.0.16.jar:9.0.16]
	at org.apache.catalina.core.ApplicationFilterChain.doFilter(ApplicationFilterChain.java:166) ~[tomcat-embed-core-9.0.16.jar:9.0.16]
	at org.apache.catalina.core.StandardWrapperValve.invoke(StandardWrapperValve.java:200) ~[tomcat-embed-core-9.0.16.jar:9.0.16]
	at org.apache.catalina.core.StandardContextValve.invoke(StandardContextValve.java:96) [tomcat-embed-core-9.0.16.jar:9.0.16]
	at org.apache.catalina.authenticator.AuthenticatorBase.invoke(AuthenticatorBase.java:490) [tomcat-embed-core-9.0.16.jar:9.0.16]
	at org.apache.catalina.core.StandardHostValve.invoke(StandardHostValve.java:139) [tomcat-embed-core-9.0.16.jar:9.0.16]
	at org.apache.catalina.valves.ErrorReportValve.invoke(ErrorReportValve.java:92) [tomcat-embed-core-9.0.16.jar:9.0.16]
	at org.apache.catalina.core.StandardEngineValve.invoke(StandardEngineValve.java:74) [tomcat-embed-core-9.0.16.jar:9.0.16]
	at org.apache.catalina.connector.CoyoteAdapter.service(CoyoteAdapter.java:343) [tomcat-embed-core-9.0.16.jar:9.0.16]
	at org.apache.coyote.http11.Http11Processor.service(Http11Processor.java:408) [tomcat-embed-core-9.0.16.jar:9.0.16]
	at org.apache.coyote.AbstractProcessorLight.process(AbstractProcessorLight.java:66) [tomcat-embed-core-9.0.16.jar:9.0.16]
	at org.apache.coyote.AbstractProtocol$ConnectionHandler.process(AbstractProtocol.java:834) [tomcat-embed-core-9.0.16.jar:9.0.16]
	at org.apache.tomcat.util.net.NioEndpoint$SocketProcessor.doRun(NioEndpoint.java:1415) [tomcat-embed-core-9.0.16.jar:9.0.16]
	at org.apache.tomcat.util.net.SocketProcessorBase.run(SocketProcessorBase.java:49) [tomcat-embed-core-9.0.16.jar:9.0.16]
	at java.util.concurrent.ThreadPoolExecutor.runWorker(ThreadPoolExecutor.java:1149) [na:1.8.0_191]
	at java.util.concurrent.ThreadPoolExecutor$Worker.run(ThreadPoolExecutor.java:624) [na:1.8.0_191]
	at org.apache.tomcat.util.threads.TaskThread$WrappingRunnable.run(TaskThread.java:61) [tomcat-embed-core-9.0.16.jar:9.0.16]
	at java.lang.Thread.run(Thread.java:748) [na:1.8.0_191]

2019-04-01 01:06:40.526 DEBUG 17136 --- [http-nio-8088-exec-4] l.l.bluefatty.dao.UserDao.countByToken   : ==>  Preparing: select count(*) from user where token=? 
2019-04-01 01:06:40.527 DEBUG 17136 --- [http-nio-8088-exec-4] l.l.bluefatty.dao.UserDao.countByToken   : ==> Parameters: z1mlKFK9kDixzWbPPJpoyg==(String)
2019-04-01 01:06:40.528 DEBUG 17136 --- [http-nio-8088-exec-4] l.l.bluefatty.dao.UserDao.countByToken   : <==      Total: 1
